# JRE version: OpenJDK Runtime Environment (11.0.10) (build 11.0.10+0-b96-7249189)
# Java VM: OpenJDK 64-Bit Server VM (11.0.10+0-b96-7249189, mixed mode, tiered, compressed oops, g1 gc, windows-amd64)
Heap:
 garbage-first heap   total 509952K, used 284484K [0x000000058d800000, 0x0000000800000000)
  region size 2048K, 25 young (51200K), 11 survivors (22528K)
 Metaspace       used 158025K, capacity 163362K, committed 163584K, reserved 1191936K
  class space    used 19577K, capacity 21471K, committed 21504K, reserved 1048576K
GC Heap History (20 events):
Event: 5329.037 GC heap before
{Heap before GC invocations=103 (full 0):
 garbage-first heap   total 313344K, used 256524K [0x000000058d800000, 0x0000000800000000)
  region size 2048K, 41 young (83968K), 4 survivors (8192K)
 Metaspace       used 157285K, capacity 162670K, committed 162816K, reserved 1189888K
  class space    used 19558K, capacity 21453K, committed 21504K, reserved 1048576K
}
Event: 5329.041 GC heap after
{Heap after GC invocations=104 (full 0):
 garbage-first heap   total 313344K, used 180588K [0x000000058d800000, 0x0000000800000000)
  region size 2048K, 1 young (2048K), 1 survivors (2048K)
 Metaspace       used 157285K, capacity 162670K, committed 162816K, reserved 1189888K
  class space    used 19558K, capacity 21453K, committed 21504K, reserved 1048576K
}
Event: 5329.074 GC heap before
{Heap before GC invocations=104 (full 0):
 garbage-first heap   total 313344K, used 192876K [0x000000058d800000, 0x0000000800000000)
  region size 2048K, 7 young (14336K), 1 survivors (2048K)
 Metaspace       used 157292K, capacity 162670K, committed 162816K, reserved 1189888K
  class space    used 19558K, capacity 21453K, committed 21504K, reserved 1048576K
}
Event: 5329.082 GC heap after
{Heap after GC invocations=105 (full 0):
 garbage-first heap   total 313344K, used 174734K [0x000000058d800000, 0x0000000800000000)
  region size 2048K, 1 young (2048K), 1 survivors (2048K)
 Metaspace       used 157292K, capacity 162670K, committed 162816K, reserved 1189888K
  class space    used 19558K, capacity 21453K, committed 21504K, reserved 1048576K
}
Event: 5329.302 GC heap before
{Heap before GC invocations=105 (full 0):
 garbage-first heap   total 313344K, used 256654K [0x000000058d800000, 0x0000000800000000)
  region size 2048K, 41 young (83968K), 1 survivors (2048K)
 Metaspace       used 157357K, capacity 162738K, committed 162816K, reserved 1189888K
  class space    used 19558K, capacity 21453K, committed 21504K, reserved 1048576K
}
Event: 5329.306 GC heap after
{Heap after GC invocations=106 (full 0):
 garbage-first heap   total 313344K, used 175521K [0x000000058d800000, 0x0000000800000000)
  region size 2048K, 1 young (2048K), 1 survivors (2048K)
 Metaspace       used 157357K, capacity 162738K, committed 162816K, reserved 1189888K
  class space    used 19558K, capacity 21453K, committed 21504K, reserved 1048576K
}
Event: 5329.565 GC heap before
{Heap before GC invocations=107 (full 0):
 garbage-first heap   total 313344K, used 259489K [0x000000058d800000, 0x0000000800000000)
  region size 2048K, 42 young (86016K), 1 survivors (2048K)
 Metaspace       used 157418K, capacity 162808K, committed 163072K, reserved 1191936K
  class space    used 19560K, capacity 21455K, committed 21504K, reserved 1048576K
}
Event: 5329.568 GC heap after
{Heap after GC invocations=108 (full 0):
 garbage-first heap   total 313344K, used 175243K [0x000000058d800000, 0x0000000800000000)
  region size 2048K, 1 young (2048K), 1 survivors (2048K)
 Metaspace       used 157418K, capacity 162808K, committed 163072K, reserved 1191936K
  class space    used 19560K, capacity 21455K, committed 21504K, reserved 1048576K
}
Event: 5329.604 GC heap before
{Heap before GC invocations=108 (full 0):
 garbage-first heap   total 313344K, used 187531K [0x000000058d800000, 0x0000000800000000)
  region size 2048K, 7 young (14336K), 1 survivors (2048K)
 Metaspace       used 157421K, capacity 162808K, committed 163072K, reserved 1191936K
  class space    used 19560K, capacity 21455K, committed 21504K, reserved 1048576K
}
Event: 5329.612 GC heap after
{Heap after GC invocations=109 (full 0):
 garbage-first heap   total 376832K, used 166123K [0x000000058d800000, 0x0000000800000000)
  region size 2048K, 1 young (2048K), 1 survivors (2048K)
 Metaspace       used 157421K, capacity 162808K, committed 163072K, reserved 1191936K
  class space    used 19560K, capacity 21455K, committed 21504K, reserved 1048576K
}
Event: 5329.833 GC heap before
{Heap before GC invocations=109 (full 0):
 garbage-first heap   total 376832K, used 205035K [0x000000058d800000, 0x0000000800000000)
  region size 2048K, 21 young (43008K), 1 survivors (2048K)
 Metaspace       used 157629K, capacity 163012K, committed 163072K, reserved 1191936K
  class space    used 19572K, capacity 21473K, committed 21504K, reserved 1048576K
}
Event: 5329.837 GC heap after
{Heap after GC invocations=110 (full 0):
 garbage-first heap   total 376832K, used 166695K [0x000000058d800000, 0x0000000800000000)
  region size 2048K, 1 young (2048K), 1 survivors (2048K)
 Metaspace       used 157629K, capacity 163012K, committed 163072K, reserved 1191936K
  class space    used 19572K, capacity 21473K, committed 21504K, reserved 1048576K
}
Event: 5330.226 GC heap before
{Heap before GC invocations=111 (full 0):
 garbage-first heap   total 376832K, used 232231K [0x000000058d800000, 0x0000000800000000)
  region size 2048K, 34 young (69632K), 1 survivors (2048K)
 Metaspace       used 157708K, capacity 163077K, committed 163328K, reserved 1191936K
  class space    used 19577K, capacity 21473K, committed 21504K, reserved 1048576K
}
Event: 5330.232 GC heap after
{Heap after GC invocations=112 (full 0):
 garbage-first heap   total 376832K, used 176809K [0x000000058d800000, 0x0000000800000000)
  region size 2048K, 5 young (10240K), 5 survivors (10240K)
 Metaspace       used 157708K, capacity 163077K, committed 163328K, reserved 1191936K
  class space    used 19577K, capacity 21473K, committed 21504K, reserved 1048576K
}
Event: 5330.669 GC heap before
{Heap before GC invocations=113 (full 0):
 garbage-first heap   total 376832K, used 291497K [0x000000058d800000, 0x0000000800000000)
  region size 2048K, 59 young (120832K), 5 survivors (10240K)
 Metaspace       used 157813K, capacity 163142K, committed 163328K, reserved 1191936K
  class space    used 19577K, capacity 21473K, committed 21504K, reserved 1048576K
}
Event: 5330.677 GC heap after
{Heap after GC invocations=114 (full 0):
 garbage-first heap   total 376832K, used 190625K [0x000000058d800000, 0x0000000800000000)
  region size 2048K, 7 young (14336K), 7 survivors (14336K)
 Metaspace       used 157813K, capacity 163142K, committed 163328K, reserved 1191936K
  class space    used 19577K, capacity 21473K, committed 21504K, reserved 1048576K
}
Event: 5330.683 GC heap before
{Heap before GC invocations=114 (full 0):
 garbage-first heap   total 376832K, used 194721K [0x000000058d800000, 0x0000000800000000)
  region size 2048K, 9 young (18432K), 7 survivors (14336K)
 Metaspace       used 157813K, capacity 163142K, committed 163328K, reserved 1191936K
  class space    used 19577K, capacity 21473K, committed 21504K, reserved 1048576K
}
Event: 5330.693 GC heap after
{Heap after GC invocations=115 (full 0):
 garbage-first heap   total 509952K, used 189869K [0x000000058d800000, 0x0000000800000000)
  region size 2048K, 1 young (2048K), 1 survivors (2048K)
 Metaspace       used 157813K, capacity 163142K, committed 163328K, reserved 1191936K
  class space    used 19577K, capacity 21473K, committed 21504K, reserved 1048576K
}
Event: 5330.733 GC heap before
{Heap before GC invocations=115 (full 0):
 garbage-first heap   total 509952K, used 208301K [0x000000058d800000, 0x0000000800000000)
  region size 2048K, 12 young (24576K), 1 survivors (2048K)
 Metaspace       used 157813K, capacity 163142K, committed 163328K, reserved 1191936K
  class space    used 19577K, capacity 21473K, committed 21504K, reserved 1048576K
}
Event: 5330.737 GC heap after
{Heap after GC invocations=116 (full 0):
 garbage-first heap   total 509952K, used 191046K [0x000000058d800000, 0x0000000800000000)
  region size 2048K, 2 young (4096K), 2 survivors (4096K)
 Metaspace       used 157813K, capacity 163142K, committed 163328K, reserved 1191936K
  class space    used 19577K, capacity 21473K, committed 21504K, reserved 1048576K
}

